<?xml version="1.0" encoding="UTF-8"?>
<!-- Generated by org.testng.reporters.JUnitXMLReporter -->
<testsuite ignored="0" hostname="lenovoL340" failures="0" tests="3" name="Default test" time="101.891" errors="0" timestamp="2026-08-03T17:21:39 IST">
  <testcase classname="Tests.LoginTest" name="loginTest" time="18.93"/>
  <testcase classname="Tests.LoginTest" name="loginTest" time="11.548"/>
  <testcase classname="Tests.LoginTest" name="loginTest" time="6.164"/>
</testsuite> <!-- Default test -->
