<?xml version="1.0" encoding="UTF-8"?>
<testng-results ignored="0" total="1" passed="1" failed="0" skipped="0">
  <reporter-output>
  </reporter-output>
  <suite started-at="2026-08-03T21:02:52 IST" name="OrangeHRM Suite" finished-at="2026-08-03T21:03:38 IST" duration-ms="45911">
    <groups>
    </groups>
    <test started-at="2026-08-03T21:02:52 IST" name="Login Test" finished-at="2026-08-03T21:03:38 IST" duration-ms="45911">
      <class name="Tests.LoginTest">
        <test-method is-config="true" signature="setUp()[pri:0, instance:Tests.LoginTest@2d1ef81a]" started-at="2026-08-03T21:02:52 IST" name="setUp" finished-at="2026-08-03T21:03:25 IST" duration-ms="33682" status="PASS">
          <reporter-output>
          </reporter-output>
        </test-method> <!-- setUp -->
        <test-method signature="loginTest()[pri:0, instance:Tests.LoginTest@2d1ef81a]" started-at="2026-08-03T21:03:25 IST" name="loginTest" finished-at="2026-08-03T21:03:36 IST" duration-ms="10954" status="PASS">
          <reporter-output>
          </reporter-output>
        </test-method> <!-- loginTest -->
        <test-method is-config="true" signature="tearDown(org.testng.ITestResult)[pri:0, instance:Tests.LoginTest@2d1ef81a]" started-at="2026-08-03T21:03:36 IST" name="tearDown" finished-at="2026-08-03T21:03:38 IST" duration-ms="1232" status="PASS">
          <params>
            <param index="0">
              <value>
                <![CDATA[[TestResult name=loginTest status=SUCCESS method=LoginTest.loginTest()[pri:0, instance:Tests.LoginTest@2d1ef81a] output={null}]]]>
              </value>
            </param>
          </params>
          <reporter-output>
          </reporter-output>
        </test-method> <!-- tearDown -->
      </class> <!-- Tests.LoginTest -->
    </test> <!-- Login Test -->
  </suite> <!-- OrangeHRM Suite -->
</testng-results>
