<?xml version="1.0" encoding="UTF-8"?>
<!-- Generated by org.testng.reporters.JUnitReportReporter -->
<testsuite hostname="lenovoL340" failures="0" tests="3" name="TestNG.Priority" time="0.000" errors="0" timestamp="2026-03-24T22:05:34 IST" skipped="0">
  <testcase classname="TestNG.Priority" name="createAccount" time="0.000">
    <system-out>
      <![CDATA[Account is created]]>
    </system-out>
  </testcase> <!-- createAccount -->
  <testcase classname="TestNG.Priority" name="editAccount" time="0.000">
    <system-out>
      <![CDATA[Account is edited]]>
    </system-out>
  </testcase> <!-- editAccount -->
  <testcase classname="TestNG.Priority" name="deleteAccount" time="0.000">
    <system-out>
      <![CDATA[Account is deleted]]>
    </system-out>
  </testcase> <!-- deleteAccount -->
  <system-out>
    <![CDATA[Account is created
Account is edited
Account is deleted]]>
  </system-out>
</testsuite> <!-- TestNG.Priority -->
