<?xml version="1.0" encoding="UTF-8"?>
<!-- Generated by org.testng.reporters.JUnitReportReporter -->
<testsuite hostname="lenovoL340" failures="0" tests="2" name="TestNG.Enabled" time="0.042" errors="0" timestamp="2025-11-06T22:34:44 IST" skipped="1">
  <testcase classname="TestNG.Enabled" name="createAccount" time="0.042">
    <system-out>
      <![CDATA[Account is created]]>
    </system-out>
  </testcase> <!-- createAccount -->
  <testcase classname="TestNG.Enabled" name="deleteAccount">
    <skipped/>
  </testcase> <!-- deleteAccount -->
  <system-out>
    <![CDATA[Account is created]]>
  </system-out>
</testsuite> <!-- TestNG.Enabled -->
