<?xml version="1.0" encoding="UTF-8"?>
<!-- Generated by org.testng.reporters.JUnitReportReporter -->
<testsuite hostname="lenovoL340" failures="0" tests="10" name="TestNG.Thread_Pool_Size" time="247.433" errors="0" timestamp="2025-11-03T20:56:55 IST" skipped="0">
  <testcase classname="TestNG.Thread_Pool_Size" name="createAccount" time="5.997">
    <system-out>
      <![CDATA[Account is created]]>
    </system-out>
  </testcase> <!-- createAccount -->
  <testcase classname="TestNG.Thread_Pool_Size" name="createAccount" time="34.392">
    <system-out>
      <![CDATA[Account is created]]>
    </system-out>
  </testcase> <!-- createAccount -->
  <testcase classname="TestNG.Thread_Pool_Size" name="createAccount" time="13.697">
    <system-out>
      <![CDATA[Account is created]]>
    </system-out>
  </testcase> <!-- createAccount -->
  <testcase classname="TestNG.Thread_Pool_Size" name="createAccount" time="42.975">
    <system-out>
      <![CDATA[Account is created]]>
    </system-out>
  </testcase> <!-- createAccount -->
  <testcase classname="TestNG.Thread_Pool_Size" name="createAccount" time="5.636">
    <system-out>
      <![CDATA[Account is created]]>
    </system-out>
  </testcase> <!-- createAccount -->
  <testcase classname="TestNG.Thread_Pool_Size" name="createAccount" time="34.390">
    <system-out>
      <![CDATA[Account is created]]>
    </system-out>
  </testcase> <!-- createAccount -->
  <testcase classname="TestNG.Thread_Pool_Size" name="createAccount" time="9.987">
    <system-out>
      <![CDATA[Account is created]]>
    </system-out>
  </testcase> <!-- createAccount -->
  <testcase classname="TestNG.Thread_Pool_Size" name="createAccount" time="68.528">
    <system-out>
      <![CDATA[Account is created]]>
    </system-out>
  </testcase> <!-- createAccount -->
  <testcase classname="TestNG.Thread_Pool_Size" name="createAccount" time="6.904">
    <system-out>
      <![CDATA[Account is created]]>
    </system-out>
  </testcase> <!-- createAccount -->
  <testcase classname="TestNG.Thread_Pool_Size" name="createAccount" time="24.927">
    <system-out>
      <![CDATA[Account is created]]>
    </system-out>
  </testcase> <!-- createAccount -->
  <system-out>
    <![CDATA[Account is created
Account is created
Account is created
Account is created
Account is created
Account is created
Account is created
Account is created
Account is created
Account is created]]>
  </system-out>
</testsuite> <!-- TestNG.Thread_Pool_Size -->
