<?xml version="1.0" encoding="UTF-8"?>
<!-- Generated by org.testng.reporters.JUnitReportReporter -->
<testsuite hostname="lenovoL340" failures="0" tests="1" name="TestNG.CreateAcc" time="0.018" errors="0" timestamp="2026-03-24T21:51:03 IST" skipped="0">
  <testcase classname="TestNG.CreateAcc" name="createAccount" time="0.018">
    <system-out>
      <![CDATA[Account is created]]>
    </system-out>
  </testcase> <!-- createAccount -->
  <system-out>
    <![CDATA[Account is created]]>
  </system-out>
</testsuite> <!-- TestNG.CreateAcc -->
