<?xml version="1.0" encoding="UTF-8"?>
<!-- Generated by org.testng.reporters.JUnitReportReporter -->
<testsuite hostname="lenovoL340" failures="0" tests="1" name="TestNG.CreateAccInFirefox" time="47.654" errors="0" timestamp="2025-11-07T01:08:29 IST" skipped="0">
  <testcase classname="TestNG.CreateAccInFirefox" name="createAccount" time="47.654">
    <system-out>
      <![CDATA[Account is created in firefox]]>
    </system-out>
  </testcase> <!-- createAccount -->
  <system-out>
    <![CDATA[Account is created in chrome
Account is created in firefox]]>
  </system-out>
</testsuite> <!-- TestNG.CreateAccInFirefox -->
