<?xml version="1.0" encoding="UTF-8"?>
<!-- Generated by org.testng.reporters.JUnitReportReporter -->
<testsuite hostname="lenovoL340" failures="0" tests="3" name="TestNG.InvocationCount" time="0.012" errors="0" timestamp="2025-11-03T20:41:43 IST" skipped="0">
  <testcase classname="TestNG.InvocationCount" name="editAccount" time="0.010">
    <system-out>
      <![CDATA[Account is edited]]>
    </system-out>
  </testcase> <!-- editAccount -->
  <testcase classname="TestNG.InvocationCount" name="editAccount" time="0.001">
    <system-out>
      <![CDATA[Account is edited]]>
    </system-out>
  </testcase> <!-- editAccount -->
  <testcase classname="TestNG.InvocationCount" name="deleteAccount" time="0.001">
    <system-out>
      <![CDATA[Account is deleted]]>
    </system-out>
  </testcase> <!-- deleteAccount -->
  <system-out>
    <![CDATA[Account is edited
Account is edited
Account is deleted]]>
  </system-out>
</testsuite> <!-- TestNG.InvocationCount -->
